2024-02-01 18:12:49.396  INFO 79679 --- [restartedMain] com.ataste.ataste.AtasteApplication      : Starting AtasteApplication using Java 17.0.9 on Jinsuui-MacBookAir.local with PID 79679 (/Users/jjinsu/IdeaProjects/ataste/build/classes/java/main started by jjinsu in /Users/jjinsu/IdeaProjects/ataste)
2024-02-01 18:12:49.397  INFO 79679 --- [restartedMain] com.ataste.ataste.AtasteApplication      : The following 1 profile is active: "aws"
2024-02-01 18:12:49.442  INFO 79679 --- [restartedMain] .e.DevToolsPropertyDefaultsPostProcessor : Devtools property defaults active! Set 'spring.devtools.add-properties' to 'false' to disable
2024-02-01 18:12:49.442  INFO 79679 --- [restartedMain] .e.DevToolsPropertyDefaultsPostProcessor : For additional web related logging consider setting the 'logging.level.web' property to 'DEBUG'
2024-02-01 18:12:49.697  INFO 79679 --- [restartedMain] .s.d.r.c.RepositoryConfigurationDelegate : Bootstrapping Spring Data JPA repositories in DEFAULT mode.
2024-02-01 18:12:49.729  INFO 79679 --- [restartedMain] .s.d.r.c.RepositoryConfigurationDelegate : Finished Spring Data repository scanning in 27 ms. Found 7 JPA repository interfaces.
2024-02-01 18:12:49.858  INFO 79679 --- [restartedMain] trationDelegate$BeanPostProcessorChecker : Bean '(inner bean)#5796d9f6' of type [com.amazonaws.auth.BasicAWSCredentials] is not eligible for getting processed by all BeanPostProcessors (for example: not eligible for auto-proxying)
2024-02-01 18:12:49.858  INFO 79679 --- [restartedMain] trationDelegate$BeanPostProcessorChecker : Bean '(inner bean)#1b60c8cf' of type [com.amazonaws.auth.AWSStaticCredentialsProvider] is not eligible for getting processed by all BeanPostProcessors (for example: not eligible for auto-proxying)
2024-02-01 18:12:49.860  INFO 79679 --- [restartedMain] trationDelegate$BeanPostProcessorChecker : Bean '(inner bean)#4ebfaf8f' of type [com.amazonaws.auth.profile.ProfileCredentialsProvider] is not eligible for getting processed by all BeanPostProcessors (for example: not eligible for auto-proxying)
2024-02-01 18:12:49.861  INFO 79679 --- [restartedMain] trationDelegate$BeanPostProcessorChecker : Bean 'credentialsProvider' of type [org.springframework.cloud.aws.core.credentials.CredentialsProviderFactoryBean] is not eligible for getting processed by all BeanPostProcessors (for example: not eligible for auto-proxying)
2024-02-01 18:12:49.861  INFO 79679 --- [restartedMain] trationDelegate$BeanPostProcessorChecker : Bean 'credentialsProvider' of type [com.amazonaws.auth.AWSCredentialsProviderChain] is not eligible for getting processed by all BeanPostProcessors (for example: not eligible for auto-proxying)
2024-02-01 18:12:50.003  INFO 79679 --- [restartedMain] o.s.b.w.embedded.tomcat.TomcatWebServer  : Tomcat initialized with port(s): 8082 (http)
2024-02-01 18:12:50.007  INFO 79679 --- [restartedMain] o.apache.catalina.core.StandardService   : Starting service [Tomcat]
2024-02-01 18:12:50.007  INFO 79679 --- [restartedMain] org.apache.catalina.core.StandardEngine  : Starting Servlet engine: [Apache Tomcat/9.0.82]
2024-02-01 18:12:50.031  INFO 79679 --- [restartedMain] o.a.c.c.C.[Tomcat].[localhost].[/]       : Initializing Spring embedded WebApplicationContext
2024-02-01 18:12:50.032  INFO 79679 --- [restartedMain] w.s.c.ServletWebServerApplicationContext : Root WebApplicationContext: initialization completed in 589 ms
2024-02-01 18:12:50.088  INFO 79679 --- [restartedMain] o.hibernate.jpa.internal.util.LogHelper  : HHH000204: Processing PersistenceUnitInfo [name: default]
2024-02-01 18:12:50.111  INFO 79679 --- [restartedMain] org.hibernate.Version                    : HHH000412: Hibernate ORM core version 5.6.15.Final
2024-02-01 18:12:50.171  INFO 79679 --- [restartedMain] o.hibernate.annotations.common.Version   : HCANN000001: Hibernate Commons Annotations {5.1.2.Final}
2024-02-01 18:12:50.203  INFO 79679 --- [restartedMain] com.zaxxer.hikari.HikariDataSource       : HikariPool-1 - Starting...
2024-02-01 18:12:51.698  INFO 79679 --- [restartedMain] com.zaxxer.hikari.HikariDataSource       : HikariPool-1 - Start completed.
2024-02-01 18:12:51.716  INFO 79679 --- [restartedMain] org.hibernate.dialect.Dialect            : HHH000400: Using dialect: org.hibernate.dialect.MySQL8Dialect
2024-02-01 18:12:54.356  INFO 79679 --- [restartedMain] o.h.e.t.j.p.i.JtaPlatformInitiator       : HHH000490: Using JtaPlatform implementation: [org.hibernate.engine.transaction.jta.platform.internal.NoJtaPlatform]
2024-02-01 18:12:54.370  INFO 79679 --- [restartedMain] j.LocalContainerEntityManagerFactoryBean : Initialized JPA EntityManagerFactory for persistence unit 'default'
2024-02-01 18:12:54.825  INFO 79679 --- [restartedMain] o.s.s.web.DefaultSecurityFilterChain     : Will secure any request with [org.springframework.security.web.session.DisableEncodeUrlFilter@4adf7776, org.springframework.security.web.context.request.async.WebAsyncManagerIntegrationFilter@73c6f324, org.springframework.security.web.context.SecurityContextPersistenceFilter@4ff05a46, org.springframework.security.web.header.HeaderWriterFilter@348cb7a5, org.springframework.web.filter.CorsFilter@6e3691, org.springframework.security.web.authentication.logout.LogoutFilter@5df789cf, com.ataste.ataste.security.jwt.filter.JwtAuthenticationFilter@56a693fa, org.springframework.security.web.savedrequest.RequestCacheAwareFilter@5e2bf5bf, org.springframework.security.web.servletapi.SecurityContextHolderAwareRequestFilter@1f0145ac, org.springframework.security.web.authentication.AnonymousAuthenticationFilter@67f33a9f, org.springframework.security.web.session.SessionManagementFilter@682d9eda, org.springframework.security.web.access.ExceptionTranslationFilter@691e8fcd, org.springframework.security.web.access.intercept.FilterSecurityInterceptor@2f2cd6a6]
2024-02-01 18:12:54.904  INFO 79679 --- [restartedMain] o.s.b.d.a.OptionalLiveReloadServer       : LiveReload server is running on port 35729
2024-02-01 18:12:54.938  INFO 79679 --- [restartedMain] o.s.b.w.embedded.tomcat.TomcatWebServer  : Tomcat started on port(s): 8082 (http) with context path ''
2024-02-01 18:12:54.943  INFO 79679 --- [restartedMain] com.ataste.ataste.AtasteApplication      : Started AtasteApplication in 5.76 seconds (JVM running for 6.142)
2024-02-01 18:12:57.182  INFO 79679 --- [SpringApplicationShutdownHook] j.LocalContainerEntityManagerFactoryBean : Closing JPA EntityManagerFactory for persistence unit 'default'
2024-02-01 18:12:57.184  INFO 79679 --- [SpringApplicationShutdownHook] com.zaxxer.hikari.HikariDataSource       : HikariPool-1 - Shutdown initiated...
2024-02-01 18:12:58.049  INFO 79679 --- [SpringApplicationShutdownHook] com.zaxxer.hikari.HikariDataSource       : HikariPool-1 - Shutdown completed.
